2020-06-26 21:55:09,762 [Worker-3: Loading available Gradle versions] INFO  o.e.b.c.i.u.g.PublishedGradleVersions - Gradle version information cache is up-to-date. Trying to read.
2020-06-26 21:55:43,407 [Worker-9: Updating Maven Dependencies] INFO  o.e.m.c.i.e.AbstractTransferListenerAdapter - Downloaded https://repo.maven.apache.org/maven2/org/apache/maven/plugins/maven-compiler-plugin/4/maven-compiler-plugin-4.jar
2020-06-26 21:55:43,449 [Worker-2: Building] INFO  o.e.m.c.i.e.AbstractTransferListenerAdapter - Downloaded https://repo.maven.apache.org/maven2/org/apache/maven/plugins/maven-compiler-plugin/4/maven-compiler-plugin-4.jar
2020-06-26 21:55:44,272 [Worker-9: Updating Maven Dependencies] INFO  o.e.m.c.i.e.AbstractTransferListenerAdapter - Downloaded https://repo.maven.apache.org/maven2/org/apache/maven/plugins/maven-compiler-plugin/4/maven-compiler-plugin-4.pom
2020-06-26 21:55:44,289 [Worker-9: Updating Maven Dependencies] WARN  o.e.m.c.i.embedder.EclipseLogger - The POM for org.apache.maven.plugins:maven-compiler-plugin:jar:4 is missing, no dependency information available
2020-06-26 21:55:44,310 [Worker-2: Building] WARN  o.e.m.c.i.embedder.EclipseLogger - The POM for org.apache.maven.plugins:maven-compiler-plugin:jar:4 is missing, no dependency information available
2020-06-26 21:55:44,328 [Worker-9: Updating Maven Dependencies] WARN  o.e.m.c.i.embedder.EclipseLogger - The POM for org.apache.maven.plugins:maven-compiler-plugin:jar:4 is missing, no dependency information available
2020-06-26 21:55:44,337 [Worker-2: Building] WARN  o.e.m.c.i.embedder.EclipseLogger - The POM for org.apache.maven.plugins:maven-compiler-plugin:jar:4 is missing, no dependency information available
2020-06-26 21:55:44,349 [Worker-9: Updating Maven Dependencies] INFO  o.e.m.c.i.l.LifecycleMappingFactory - Using org.eclipse.m2e.jdt.JarLifecycleMapping lifecycle mapping for MavenProject: singidunum:Projekat2017200219:0.0.1-SNAPSHOT @ C:\Users\marko\Desktop\ZaSlanje\ZaSlanje\Glavni projekat\Projekat2017200219 – kopija (2)\Projekat2017200219\pom.xml.
2020-06-26 21:55:44,400 [Worker-2: Building] INFO  o.e.m.c.i.l.LifecycleMappingFactory - Using org.eclipse.m2e.jdt.JarLifecycleMapping lifecycle mapping for MavenProject: singidunum:Projekat2017200219:0.0.1-SNAPSHOT @ C:\Users\marko\Desktop\ZaSlanje\ZaSlanje\Glavni projekat\Projekat2017200219 – kopija (2)\Projekat2017200219\pom.xml.
2020-06-26 21:55:46,691 [Worker-2: Building] WARN  o.e.m.c.i.embedder.EclipseLogger - The POM for org.apache.maven.plugins:maven-compiler-plugin:jar:4 is missing, no dependency information available
2020-06-26 21:55:48,408 [Worker-2: Building] WARN  o.e.m.c.i.embedder.EclipseLogger - Using platform encoding (Cp1252 actually) to copy filtered resources, i.e. build is platform dependent!
2020-06-26 21:55:48,420 [Worker-2: Building] INFO  o.e.m.c.i.embedder.EclipseLogger - Copying 2 resources
2020-06-26 21:55:48,463 [Worker-2: Building] WARN  o.e.m.c.i.embedder.EclipseLogger - Using platform encoding (Cp1252 actually) to copy filtered resources, i.e. build is platform dependent!
2020-06-26 21:55:48,471 [Worker-2: Building] INFO  o.e.m.c.i.embedder.EclipseLogger - skip non existing resourceDirectory C:\Users\marko\Desktop\ZaSlanje\ZaSlanje\Glavni projekat\Projekat2017200219 – kopija (2)\Projekat2017200219\src\test\resources
2020-06-26 21:55:48,475 [Worker-2: Building] WARN  o.e.m.c.i.embedder.EclipseLogger - The POM for org.apache.maven.plugins:maven-compiler-plugin:jar:4 is missing, no dependency information available
2020-06-26 21:55:50,101 [Worker-3: Updating Maven Dependencies] WARN  o.e.m.c.i.embedder.EclipseLogger - The POM for org.apache.maven.plugins:maven-compiler-plugin:jar:4 is missing, no dependency information available
2020-06-26 21:55:50,116 [Worker-3: Updating Maven Dependencies] WARN  o.e.m.c.i.embedder.EclipseLogger - The POM for org.apache.maven.plugins:maven-compiler-plugin:jar:4 is missing, no dependency information available
2020-06-26 21:55:50,138 [Worker-3: Updating Maven Dependencies] INFO  o.e.m.c.i.l.LifecycleMappingFactory - Using org.eclipse.m2e.jdt.JarLifecycleMapping lifecycle mapping for MavenProject: singidunum:Projekat2017200219:0.0.1-SNAPSHOT @ C:\Users\marko\Desktop\ZaSlanje\ZaSlanje\Glavni projekat\Projekat2017200219 – kopija (2)\Projekat2017200219\pom.xml.
2020-06-26 21:55:50,756 [Worker-5: Building] WARN  o.e.m.c.i.embedder.EclipseLogger - Using platform encoding (Cp1252 actually) to copy filtered resources, i.e. build is platform dependent!
2020-06-26 21:55:50,769 [Worker-5: Building] INFO  o.e.m.c.i.embedder.EclipseLogger - Copying 2 resources
2020-06-26 21:55:50,801 [Worker-5: Building] WARN  o.e.m.c.i.embedder.EclipseLogger - Using platform encoding (Cp1252 actually) to copy filtered resources, i.e. build is platform dependent!
2020-06-26 21:55:50,812 [Worker-5: Building] INFO  o.e.m.c.i.embedder.EclipseLogger - skip non existing resourceDirectory C:\Users\marko\Desktop\ZaSlanje\ZaSlanje\Glavni projekat\Projekat2017200219 – kopija (2)\Projekat2017200219\src\test\resources
2020-06-26 21:55:50,816 [Worker-5: Building] WARN  o.e.m.c.i.embedder.EclipseLogger - The POM for org.apache.maven.plugins:maven-compiler-plugin:jar:4 is missing, no dependency information available
2020-06-26 21:55:50,881 [Worker-3: Updating Maven Dependencies] WARN  o.e.m.c.i.embedder.EclipseLogger - The POM for org.apache.maven.plugins:maven-compiler-plugin:jar:4 is missing, no dependency information available
2020-06-26 21:55:52,273 [Worker-9: Building] WARN  o.e.m.c.i.embedder.EclipseLogger - Using platform encoding (Cp1252 actually) to copy filtered resources, i.e. build is platform dependent!
2020-06-26 21:55:52,281 [Worker-9: Building] INFO  o.e.m.c.i.embedder.EclipseLogger - Copying 0 resource
2020-06-26 21:55:52,283 [Worker-9: Building] WARN  o.e.m.c.i.embedder.EclipseLogger - Using platform encoding (Cp1252 actually) to copy filtered resources, i.e. build is platform dependent!
2020-06-26 21:55:52,292 [Worker-9: Building] INFO  o.e.m.c.i.embedder.EclipseLogger - skip non existing resourceDirectory C:\Users\marko\Desktop\ZaSlanje\ZaSlanje\Glavni projekat\Projekat2017200219 – kopija (2)\Projekat2017200219\src\test\resources
2020-06-26 21:55:52,295 [Worker-9: Building] WARN  o.e.m.c.i.embedder.EclipseLogger - The POM for org.apache.maven.plugins:maven-compiler-plugin:jar:4 is missing, no dependency information available
2020-06-26 21:56:44,093 [Worker-9: Building] INFO  o.e.m.c.i.l.LifecycleMappingFactory - Using org.eclipse.m2e.jdt.JarLifecycleMapping lifecycle mapping for MavenProject: singidunum:Projekat2017200219:0.0.1-SNAPSHOT @ C:\Users\marko\Desktop\ZaSlanje\ZaSlanje\Glavni projekat\Projekat2017200219 – kopija (2)\Projekat2017200219\pom.xml.
2020-06-26 21:56:44,971 [Worker-9: Building] WARN  o.e.m.c.i.embedder.EclipseLogger - Using platform encoding (Cp1252 actually) to copy filtered resources, i.e. build is platform dependent!
2020-06-26 21:56:45,033 [Worker-9: Building] INFO  o.e.m.c.i.embedder.EclipseLogger - Copying 0 resource
2020-06-26 21:56:45,035 [Worker-9: Building] WARN  o.e.m.c.i.embedder.EclipseLogger - Using platform encoding (Cp1252 actually) to copy filtered resources, i.e. build is platform dependent!
2020-06-26 21:56:45,044 [Worker-9: Building] INFO  o.e.m.c.i.embedder.EclipseLogger - skip non existing resourceDirectory C:\Users\marko\Desktop\ZaSlanje\ZaSlanje\Glavni projekat\Projekat2017200219 – kopija (2)\Projekat2017200219\src\test\resources
2020-06-26 22:46:10,716 [Worker-5: Loading available Gradle versions] INFO  o.e.b.c.i.u.g.PublishedGradleVersions - Gradle version information cache is up-to-date. Trying to read.
2020-06-26 22:49:13,060 [Worker-19: Building] WARN  o.e.m.c.i.embedder.EclipseLogger - Using platform encoding (Cp1252 actually) to copy filtered resources, i.e. build is platform dependent!
2020-06-26 22:49:13,076 [Worker-19: Building] INFO  o.e.m.c.i.embedder.EclipseLogger - Copying 2 resources
2020-06-26 22:49:13,082 [Worker-19: Building] WARN  o.e.m.c.i.embedder.EclipseLogger - Using platform encoding (Cp1252 actually) to copy filtered resources, i.e. build is platform dependent!
2020-06-26 22:49:13,090 [Worker-19: Building] INFO  o.e.m.c.i.embedder.EclipseLogger - skip non existing resourceDirectory C:\Users\marko\Desktop\ZaSlanje\ZaSlanje\Glavni projekat\Projekat2017200219 – kopija (2)\Projekat2017200219\src\test\resources
2020-06-26 22:49:29,220 [Worker-16: Launching Executing clean in C__Users_marko_Desktop_ZaSlanje_ZaSlanje_Glavni projekat_Projekat2017200219 – kopija (2)_Projekat2017200219] INFO  o.e.m.i.launch.MavenLaunchDelegate - C:\Users\marko\Desktop\ZaSlanje\ZaSlanje\Glavni projekat\Projekat2017200219 – kopija (2)\Projekat2017200219
2020-06-26 22:49:29,221 [Worker-16: Launching Executing clean in C__Users_marko_Desktop_ZaSlanje_ZaSlanje_Glavni projekat_Projekat2017200219 – kopija (2)_Projekat2017200219] INFO  o.e.m.i.launch.MavenLaunchDelegate -  mvn -B clean
2020-06-26 22:49:31,399 [Worker-21: Building] WARN  o.e.m.c.i.embedder.EclipseLogger - Using platform encoding (Cp1252 actually) to copy filtered resources, i.e. build is platform dependent!
2020-06-26 22:49:31,415 [Worker-21: Building] INFO  o.e.m.c.i.embedder.EclipseLogger - Copying 2 resources
2020-06-26 22:49:31,462 [Worker-21: Building] WARN  o.e.m.c.i.embedder.EclipseLogger - Using platform encoding (Cp1252 actually) to copy filtered resources, i.e. build is platform dependent!
2020-06-26 22:49:31,469 [Worker-21: Building] INFO  o.e.m.c.i.embedder.EclipseLogger - skip non existing resourceDirectory C:\Users\marko\Desktop\ZaSlanje\ZaSlanje\Glavni projekat\Projekat2017200219 – kopija (2)\Projekat2017200219\src\test\resources
2020-06-26 22:50:55,606 [Worker-20: Launching Projekat2017200219 - Projekat2017200219Application] WARN  o.e.m.c.i.embedder.EclipseLogger - Using platform encoding (Cp1252 actually) to copy filtered resources, i.e. build is platform dependent!
2020-06-26 22:50:55,619 [Worker-20: Launching Projekat2017200219 - Projekat2017200219Application] INFO  o.e.m.c.i.embedder.EclipseLogger - Copying 2 resources
2020-06-26 22:50:55,620 [Worker-20: Launching Projekat2017200219 - Projekat2017200219Application] WARN  o.e.m.c.i.embedder.EclipseLogger - Using platform encoding (Cp1252 actually) to copy filtered resources, i.e. build is platform dependent!
2020-06-26 22:50:55,627 [Worker-20: Launching Projekat2017200219 - Projekat2017200219Application] INFO  o.e.m.c.i.embedder.EclipseLogger - skip non existing resourceDirectory C:\Users\marko\Desktop\ZaSlanje\ZaSlanje\Glavni projekat\Projekat2017200219 – kopija (2)\Projekat2017200219\src\test\resources
